<?xml version="1.0" encoding="UTF-8"?>
<testsuite xmlns:xsi="http://www.w3.org/2001/XMLSchema-instance" xsi:schemaLocation="https://maven.apache.org/surefire/maven-surefire-plugin/xsd/surefire-test-report.xsd" name="model.UserTest" time="0.02" tests="15" errors="0" skipped="0" failures="0">
  <properties>
[...]
</properties>
  <testcase name="testSetPassword" classname="model.UserTest" time="0"/>
  <testcase name="testGetPassword" classname="model.UserTest" time="0"/>
  <testcase name="testGetEmail" classname="model.UserTest" time="0.001"/>
  <testcase name="testGetSecAnswer" classname="model.UserTest" time="0.001"/>
  <testcase name="testGetPOIs" classname="model.UserTest" time="0.001"/>
  <testcase name="testGetSecQuestion" classname="model.UserTest" time="0.003"/>
  <testcase name="testSetSecAnswer" classname="model.UserTest" time="0"/>
  <testcase name="testIsDeveloper" classname="model.UserTest" time="0"/>
  <testcase name="testAddToList" classname="model.UserTest" time="0"/>
  <testcase name="testSetUserType" classname="model.UserTest" time="0.003"/>
  <testcase name="testGetUserType" classname="model.UserTest" time="0.001"/>
  <testcase name="testIsEqual" classname="model.UserTest" time="0.001"/>
  <testcase name="testRemovePOI" classname="model.UserTest" time="0.002"/>
  <testcase name="testSetEmail" classname="model.UserTest" time="0.001"/>
  <testcase name="testSetSecQuestion" classname="model.UserTest" time="0.001"/>
</testsuite>